<?xml version="1.0" encoding="UTF-8"?>
<!-- Generated by org.testng.reporters.JUnitXMLReporter -->
<testsuite ignored="0" hostname="SANDRA" failures="1" tests="2" name="Test" time="5.505" errors="0" timestamp="2025-04-01T16:16:32 IST">
  <testcase classname="TestCases.SimpleTest" name="secondTest" time="0.074"/>
  <testcase classname="TestCases.SimpleTest" name="firstTest" time="0.055">
    <failure type="java.lang.NullPointerException" message="Cannot invoke &amp;quot;org.openqa.selenium.WebDriver.get(String)&amp;quot; because &amp;quot;TestCases.SimpleTest.driver&amp;quot; is null">
      <![CDATA[java.lang.NullPointerException: Cannot invoke "org.openqa.selenium.WebDriver.get(String)" because "TestCases.SimpleTest.driver" is null
at TestCases.SimpleTest.firstTest(SimpleTest.java:22)
at java.base/java.util.concurrent.Executors$RunnableAdapter.call(Executors.java:539)
at java.base/java.util.concurrent.FutureTask.run(FutureTask.java:264)
at java.base/java.util.concurrent.ThreadPoolExecutor.runWorker(ThreadPoolExecutor.java:1136)
at java.base/java.util.concurrent.ThreadPoolExecutor$Worker.run(ThreadPoolExecutor.java:635)
at java.base/java.lang.Thread.run(Thread.java:840)
... Removed 13 stack frames]]>
    </failure>
  </testcase> <!-- firstTest -->
</testsuite> <!-- Test -->
