<?xml version="1.0" encoding="UTF-8"?>
<!-- Generated by org.testng.reporters.JUnitXMLReporter -->
<testsuite ignored="2" hostname="SANDRA" failures="0" tests="3" name="Test" time="38.714" errors="0" timestamp="2025-04-04T01:05:42 IST">
  <testcase classname="TestCases.RegisterUser" name="registerUser" time="9.284"/>
  <testcase classname="TestCases.LoginUser" name="loginUser" time="7.77"/>
  <testcase classname="TestCases.AddToCart" name="addMacBookToCart" time="13.884"/>
  <testcase classname="utils.BaseClass" name="@AfterSuite generateAllureReport" time="0.0">
    <ignored/>
  </testcase> <!-- @AfterSuite generateAllureReport -->
  <testcase classname="utils.BaseClass" name="@AfterSuite generateAllureReport" time="0.0">
    <ignored/>
  </testcase> <!-- @AfterSuite generateAllureReport -->
</testsuite> <!-- Test -->
