<?xml version="1.0" encoding="UTF-8"?>
<testsuite xmlns:xsi="http://www.w3.org/2001/XMLSchema-instance" xsi:noNamespaceSchemaLocation="https://maven.apache.org/surefire/maven-surefire-plugin/xsd/surefire-test-report-3.0.xsd" version="3.0" name="TestSuite" time="41.499" tests="3" errors="0" skipped="0" failures="0">
  <properties>
[...]
</properties>
  <testcase name="registerUser" classname="TestCases.RegisterUser" time="9.38">
    <system-out><![CDATA[&amp#27;[34m2025-04-04 01:05:03,257&amp#27;[m &amp#27;[32m[main] INFO &amp#27;[m &amp#27;[36mConfigReader&amp#27;[m - &amp#27;[32mBrowser = chrome
&amp#27;[m&amp#27;[34m2025-04-04 01:05:03,361&amp#27;[m &amp#27;[32m[main] INFO &amp#27;[m &amp#27;[36mConfigReader&amp#27;[m - &amp#27;[32mBrowser = chrome
&amp#27;[m&amp#27;[34m2025-04-04 01:05:03,370&amp#27;[m &amp#27;[32m[main] INFO &amp#27;[m &amp#27;[36mConfigReader&amp#27;[m - &amp#27;[32mBrowser = chrome
&amp#27;[m&amp#27;[34m2025-04-04 01:05:06,555&amp#27;[m &amp#27;[32m[main] INFO &amp#27;[m &amp#27;[36mBaseClass&amp#27;[m - &amp#27;[32mChrome browser is Initialized
&amp#27;[m&amp#27;[34m2025-04-04 01:05:06,696&amp#27;[m &amp#27;[32m[main] INFO &amp#27;[m &amp#27;[36mConfigReader&amp#27;[m - &amp#27;[32mURL = https://naveenautomationlabs.com/opencart/
&amp#27;[m&amp#27;[34m2025-04-04 01:05:10,930&amp#27;[m &amp#27;[32m[main] INFO &amp#27;[m &amp#27;[36mRegisterUser&amp#27;[m - &amp#27;[32mUser navigates to My Account
&amp#27;[m&amp#27;[34m2025-04-04 01:05:11,854&amp#27;[m &amp#27;[32m[main] INFO &amp#27;[m &amp#27;[36mRegisterUser&amp#27;[m - &amp#27;[32mUser clicks on Register Button
&amp#27;[m&amp#27;[34m2025-04-04 01:05:13,171&amp#27;[m &amp#27;[32m[main] INFO &amp#27;[m &amp#27;[36mRegisterUser&amp#27;[m - &amp#27;[32mUser enters First Name as : Test
&amp#27;[m&amp#27;[34m2025-04-04 01:05:13,498&amp#27;[m &amp#27;[32m[main] INFO &amp#27;[m &amp#27;[36mRegisterUser&amp#27;[m - &amp#27;[32mUser enters Last Name as : User
&amp#27;[m&amp#27;[34m2025-04-04 01:05:13,780&amp#27;[m &amp#27;[32m[main] INFO &amp#27;[m &amp#27;[36mRegisterUser&amp#27;[m - &amp#27;[32mUser enters Email address as : userTRiXK@example.com
&amp#27;[m&amp#27;[34m2025-04-04 01:05:14,460&amp#27;[m &amp#27;[32m[main] INFO &amp#27;[m &amp#27;[36mRegisterUser&amp#27;[m - &amp#27;[32mUser enters Telephone as : 9876543210
&amp#27;[m&amp#27;[34m2025-04-04 01:05:14,652&amp#27;[m &amp#27;[32m[main] INFO &amp#27;[m &amp#27;[36mRegisterUser&amp#27;[m - &amp#27;[32mUser enters Password
&amp#27;[m&amp#27;[34m2025-04-04 01:05:14,797&amp#27;[m &amp#27;[32m[main] INFO &amp#27;[m &amp#27;[36mRegisterUser&amp#27;[m - &amp#27;[32mUser enters Password again
&amp#27;[m&amp#27;[34m2025-04-04 01:05:14,945&amp#27;[m &amp#27;[32m[main] INFO &amp#27;[m &amp#27;[36mRegisterUser&amp#27;[m - &amp#27;[32mUser clicks on Agree check Box
&amp#27;[m&amp#27;[34m2025-04-04 01:05:15,793&amp#27;[m &amp#27;[32m[main] INFO &amp#27;[m &amp#27;[36mRegisterUser&amp#27;[m - &amp#27;[32mUser clicks on Continue Button
&amp#27;[m]]></system-out>
  </testcase>
  <testcase name="loginUser" classname="TestCases.LoginUser" time="7.778">
    <system-out><![CDATA[&amp#27;[34m2025-04-04 01:05:18,217&amp#27;[m &amp#27;[32m[main] INFO &amp#27;[m &amp#27;[36mBaseClass&amp#27;[m - &amp#27;[32mChrome browser is Initialized
&amp#27;[m&amp#27;[34m2025-04-04 01:05:18,230&amp#27;[m &amp#27;[32m[main] INFO &amp#27;[m &amp#27;[36mConfigReader&amp#27;[m - &amp#27;[32mURL = https://naveenautomationlabs.com/opencart/
&amp#27;[m&amp#27;[34m2025-04-04 01:05:23,809&amp#27;[m &amp#27;[32m[main] INFO &amp#27;[m &amp#27;[36mLoginUser&amp#27;[m - &amp#27;[32mUser navigates to My Account
&amp#27;[m&amp#27;[34m2025-04-04 01:05:24,564&amp#27;[m &amp#27;[32m[main] INFO &amp#27;[m &amp#27;[36mLoginUser&amp#27;[m - &amp#27;[32mUser clicks on Login Menu
&amp#27;[m&amp#27;[34m2025-04-04 01:05:24,922&amp#27;[m &amp#27;[32m[main] INFO &amp#27;[m &amp#27;[36mLoginUser&amp#27;[m - &amp#27;[32mUser enters Email address as : userTRiXK@example.com
&amp#27;[m&amp#27;[34m2025-04-04 01:05:25,158&amp#27;[m &amp#27;[32m[main] INFO &amp#27;[m &amp#27;[36mLoginUser&amp#27;[m - &amp#27;[32mUser enters Password
&amp#27;[m&amp#27;[34m2025-04-04 01:05:25,335&amp#27;[m &amp#27;[32m[main] INFO &amp#27;[m &amp#27;[36mLoginUser&amp#27;[m - &amp#27;[32mUser clicks on Login Button
&amp#27;[m&amp#27;[34m2025-04-04 01:05:25,989&amp#27;[m &amp#27;[32m[main] INFO &amp#27;[m &amp#27;[36mLoginUser&amp#27;[m - &amp#27;[32mUser is Logged in!!!
&amp#27;[m]]></system-out>
  </testcase>
  <testcase name="addMacBookToCart" classname="TestCases.AddToCart" time="13.894">
    <system-out><![CDATA[&amp#27;[34m2025-04-04 01:05:28,246&amp#27;[m &amp#27;[32m[main] INFO &amp#27;[m &amp#27;[36mBaseClass&amp#27;[m - &amp#27;[32mChrome browser is Initialized
&amp#27;[m&amp#27;[34m2025-04-04 01:05:28,260&amp#27;[m &amp#27;[32m[main] INFO &amp#27;[m &amp#27;[36mConfigReader&amp#27;[m - &amp#27;[32mURL = https://naveenautomationlabs.com/opencart/
&amp#27;[m&amp#27;[34m2025-04-04 01:05:34,214&amp#27;[m &amp#27;[32m[main] INFO &amp#27;[m &amp#27;[36mConfigReader&amp#27;[m - &amp#27;[32mBrowser = chrome
&amp#27;[m&amp#27;[34m2025-04-04 01:05:34,215&amp#27;[m &amp#27;[32m[main] INFO &amp#27;[m &amp#27;[36mConfigReader&amp#27;[m - &amp#27;[32mURL = https://naveenautomationlabs.com/opencart/
&amp#27;[m&amp#27;[34m2025-04-04 01:05:34,765&amp#27;[m &amp#27;[32m[main] INFO &amp#27;[m &amp#27;[36mLoginUser&amp#27;[m - &amp#27;[32mUser navigates to My Account
&amp#27;[m&amp#27;[34m2025-04-04 01:05:35,469&amp#27;[m &amp#27;[32m[main] INFO &amp#27;[m &amp#27;[36mLoginUser&amp#27;[m - &amp#27;[32mUser clicks on Login Menu
&amp#27;[m&amp#27;[34m2025-04-04 01:05:36,068&amp#27;[m &amp#27;[32m[main] INFO &amp#27;[m &amp#27;[36mLoginUser&amp#27;[m - &amp#27;[32mUser enters Email address as : userTRiXK@example.com
&amp#27;[m&amp#27;[34m2025-04-04 01:05:36,365&amp#27;[m &amp#27;[32m[main] INFO &amp#27;[m &amp#27;[36mLoginUser&amp#27;[m - &amp#27;[32mUser enters Password
&amp#27;[m&amp#27;[34m2025-04-04 01:05:37,434&amp#27;[m &amp#27;[32m[main] INFO &amp#27;[m &amp#27;[36mLoginUser&amp#27;[m - &amp#27;[32mUser clicks on Login Button
&amp#27;[m&amp#27;[34m2025-04-04 01:05:37,487&amp#27;[m &amp#27;[32m[main] INFO &amp#27;[m &amp#27;[36mLoginUser&amp#27;[m - &amp#27;[32mUser is Logged in!!!
&amp#27;[m&amp#27;[34m2025-04-04 01:05:37,758&amp#27;[m &amp#27;[32m[main] INFO &amp#27;[m &amp#27;[36mAddToCart&amp#27;[m - &amp#27;[32mUser enter the item to search
&amp#27;[m&amp#27;[34m2025-04-04 01:05:37,760&amp#27;[m &amp#27;[32m[main] INFO &amp#27;[m &amp#27;[36mAddToCart&amp#27;[m - &amp#27;[32mUser searched for : Macbook
&amp#27;[m&amp#27;[34m2025-04-04 01:05:38,854&amp#27;[m &amp#27;[32m[main] INFO &amp#27;[m &amp#27;[36mAddToCart&amp#27;[m - &amp#27;[32mUser clicks on search button
&amp#27;[m&amp#27;[34m2025-04-04 01:05:40,183&amp#27;[m &amp#27;[32m[main] INFO &amp#27;[m &amp#27;[36mAddToCart&amp#27;[m - &amp#27;[32mUser selects Macbook from search results
&amp#27;[m&amp#27;[34m2025-04-04 01:05:40,550&amp#27;[m &amp#27;[32m[main] INFO &amp#27;[m &amp#27;[36mAddToCart&amp#27;[m - &amp#27;[32mUser Adds Macbook to cart
&amp#27;[m&amp#27;[34m2025-04-04 01:05:41,402&amp#27;[m &amp#27;[32m[main] INFO &amp#27;[m &amp#27;[36mAddToCart&amp#27;[m - &amp#27;[32mUser goes to cart
&amp#27;[m]]></system-out>
  </testcase>
</testsuite>