<?xml version="1.0" encoding="UTF-8"?>
<testng-results ignored="0" total="3" passed="3" failed="0" skipped="0">
  <reporter-output>
  </reporter-output>
  <suite started-at="2025-04-04T01:05:03 IST" name="Suite" finished-at="2025-04-04T01:05:42 IST" duration-ms="38714">
    <groups>
    </groups>
    <test started-at="2025-04-04T01:05:03 IST" name="Test" finished-at="2025-04-04T01:05:42 IST" duration-ms="38714">
      <class name="TestCases.AddToCart">
        <test-method is-config="true" signature="setUp()[pri:0, instance:TestCases.AddToCart@7957dc72]" started-at="2025-04-04T01:05:26 IST" name="setUp" finished-at="2025-04-04T01:05:28 IST" duration-ms="2242" status="PASS">
          <reporter-output>
          </reporter-output>
        </test-method> <!-- setUp -->
        <test-method signature="addMacBookToCart()[pri:1, instance:TestCases.AddToCart@7957dc72]" started-at="2025-04-04T01:05:28 IST" name="addMacBookToCart" finished-at="2025-04-04T01:05:42 IST" duration-ms="13884" status="PASS">
          <reporter-output>
          </reporter-output>
        </test-method> <!-- addMacBookToCart -->
      </class> <!-- TestCases.AddToCart -->
      <class name="TestCases.RegisterUser">
        <test-method is-config="true" signature="setUp()[pri:0, instance:TestCases.RegisterUser@3e587920]" started-at="2025-04-04T01:05:03 IST" name="setUp" finished-at="2025-04-04T01:05:06 IST" duration-ms="3073" status="PASS">
          <reporter-output>
          </reporter-output>
        </test-method> <!-- setUp -->
        <test-method signature="registerUser()[pri:1, instance:TestCases.RegisterUser@3e587920]" started-at="2025-04-04T01:05:06 IST" name="registerUser" finished-at="2025-04-04T01:05:15 IST" duration-ms="9284" status="PASS">
          <reporter-output>
          </reporter-output>
        </test-method> <!-- registerUser -->
        <test-method is-config="true" signature="generateAllureReport()[pri:0, instance:TestCases.RegisterUser@3e587920]" started-at="2025-04-04T01:05:42 IST" name="generateAllureReport" finished-at="2025-04-04T01:05:42 IST" duration-ms="31" status="PASS">
          <reporter-output>
          </reporter-output>
        </test-method> <!-- generateAllureReport -->
      </class> <!-- TestCases.RegisterUser -->
      <class name="TestCases.LoginUser">
        <test-method is-config="true" signature="setUp()[pri:0, instance:TestCases.LoginUser@70e0accd]" started-at="2025-04-04T01:05:16 IST" name="setUp" finished-at="2025-04-04T01:05:18 IST" duration-ms="2215" status="PASS">
          <reporter-output>
          </reporter-output>
        </test-method> <!-- setUp -->
        <test-method signature="loginUser()[pri:1, instance:TestCases.LoginUser@70e0accd]" started-at="2025-04-04T01:05:18 IST" name="loginUser" finished-at="2025-04-04T01:05:25 IST" duration-ms="7770" status="PASS">
          <reporter-output>
          </reporter-output>
        </test-method> <!-- loginUser -->
      </class> <!-- TestCases.LoginUser -->
    </test> <!-- Test -->
  </suite> <!-- Suite -->
</testng-results>
